2023-09-29 19:26:28,253 [INFO] MainUpdater:2854 - connection check result : 10
2023-09-29 19:26:28,265 [INFO] MainUpdater:2854 - connection check result : 10
2023-09-29 19:26:28,362 [INFO] MicroXplorer:468 - Change Database Path : 
2023-09-29 19:26:28,364 [INFO] MicroXplorer:498 - Change Database Version : DB.6.0.81
2023-09-29 19:26:28,461 [WARN] ThirdParty:871 - waiting for thirdparty lock release [close project]
2023-09-29 19:26:28,462 [INFO] ThirdParty:873 - entering critical section [close project]
2023-09-29 19:26:28,463 [INFO] ThirdParty:883 - exiting critical section [close project]
2023-09-29 19:26:28,467 [INFO] PinOutPanel:1499 - setPackage(No Configuration,No Configuration)
2023-09-29 19:26:28,488 [INFO] UtilMem:75 - Begin LoadConfig() Used Memory: 467951128 Bytes (612368384)
2023-09-29 19:26:28,494 [INFO] MicroXplorer:468 - Change Database Path : /home/miroalex07/.stm32cubemx/databases/DB.6.0.80/db/
2023-09-29 19:26:28,495 [INFO] MicroXplorer:498 - Change Database Version : DB.6.0.80
2023-09-29 19:26:37,674 [INFO] OpenFileManager:308 - Change cursor
2023-09-29 19:26:37,714 [INFO] RulesReader:64 - Compatibility file has been processed (293 Rules)
2023-09-29 19:26:37,724 [INFO] Mcu:1937 - Initializing MCU STM32F103C(8-B)Tx STM32F103C8Tx STM32F103C8T6
2023-09-29 19:26:38,735 [INFO] Context:659 - Trying to add GPIOservice into a context  which must be forbidden
2023-09-29 19:26:39,214 [INFO] RtosManager:555 - Registered RTOS mode: class=CMSIS, group=RTOS, mode=CMSIS_V1, owner=FREERTOS
2023-09-29 19:26:39,215 [INFO] RtosManager:555 - Registered RTOS mode: class=CMSIS, group=RTOS2, mode=CMSIS_V2, owner=FREERTOS
2023-09-29 19:26:39,215 [INFO] RtosManager:555 - Registered RTOS mode: class=RTOS, group=Core, mode=CMSIS_V1, owner=FREERTOS
2023-09-29 19:26:39,215 [INFO] RtosManager:555 - Registered RTOS mode: class=RTOS, group=Core, mode=CMSIS_V2, owner=FREERTOS
2023-09-29 19:26:39,215 [WARN] ModelIntegratedComponent:184 - Missing modes for component STMicroelectronics:FreeRTOS:0.0.1:STMicroelectronics:RTOS:FreeRTOS:Core:::10.2.0:
2023-09-29 19:26:39,227 [WARN] ModelIntegratedComponent:63 - No mode defined for component null
2023-09-29 19:26:39,227 [WARN] ModelIntegratedComponent:63 - No mode defined for component null
2023-09-29 19:26:39,227 [WARN] ModelIntegratedComponent:63 - No mode defined for component null
2023-09-29 19:26:39,227 [WARN] ModelIntegratedComponent:63 - No mode defined for component null
2023-09-29 19:26:39,227 [WARN] ModelIntegratedComponent:63 - No mode defined for component null
2023-09-29 19:26:39,228 [WARN] ModelIntegratedComponent:63 - No mode defined for component null
2023-09-29 19:26:39,228 [WARN] ModelIntegratedComponent:63 - No mode defined for component null
2023-09-29 19:26:39,228 [WARN] ModelIntegratedComponent:63 - No mode defined for component null
2023-09-29 19:26:39,228 [WARN] ModelIntegratedComponent:63 - No mode defined for component null
2023-09-29 19:26:39,228 [WARN] ModelIntegratedComponent:63 - No mode defined for component null
2023-09-29 19:26:39,228 [WARN] ModelIntegratedComponent:63 - No mode defined for component null
2023-09-29 19:26:39,228 [WARN] ModelIntegratedComponent:63 - No mode defined for component null
2023-09-29 19:26:39,228 [WARN] ModelIntegratedComponent:63 - No mode defined for component null
2023-09-29 19:26:39,228 [WARN] ModelIntegratedComponent:63 - No mode defined for component null
2023-09-29 19:26:39,229 [WARN] ModelIntegratedComponent:63 - No mode defined for component null
2023-09-29 19:26:39,229 [WARN] ModelIntegratedComponent:63 - No mode defined for component null
2023-09-29 19:26:39,229 [WARN] ModelIntegratedComponent:63 - No mode defined for component null
2023-09-29 19:26:39,229 [WARN] ModelIntegratedComponent:63 - No mode defined for component null
2023-09-29 19:26:39,229 [WARN] ModelIntegratedComponent:63 - No mode defined for component null
2023-09-29 19:26:39,229 [WARN] ModelIntegratedComponent:63 - No mode defined for component null
2023-09-29 19:26:39,230 [WARN] ModelIntegratedComponent:63 - No mode defined for component null
2023-09-29 19:26:39,230 [WARN] ModelIntegratedComponent:63 - No mode defined for component null
2023-09-29 19:26:39,230 [WARN] ModelIntegratedComponent:63 - No mode defined for component null
2023-09-29 19:26:39,231 [WARN] ModelIntegratedComponent:63 - No mode defined for component null
2023-09-29 19:26:39,231 [WARN] ModelIntegratedComponent:63 - No mode defined for component null
2023-09-29 19:26:39,231 [WARN] ModelIntegratedComponent:63 - No mode defined for component null
2023-09-29 19:26:39,231 [WARN] ModelIntegratedComponent:63 - No mode defined for component null
2023-09-29 19:26:39,231 [WARN] ModelIntegratedComponent:63 - No mode defined for component null
2023-09-29 19:26:39,231 [WARN] ModelIntegratedComponent:63 - No mode defined for component null
2023-09-29 19:26:39,231 [WARN] ModelIntegratedComponent:63 - No mode defined for component null
2023-09-29 19:26:39,231 [WARN] ModelIntegratedComponent:63 - No mode defined for component null
2023-09-29 19:26:39,231 [WARN] ModelIntegratedComponent:63 - No mode defined for component null
2023-09-29 19:26:39,232 [WARN] ModelIntegratedComponent:63 - No mode defined for component null
2023-09-29 19:26:39,254 [INFO] ThirdPartyModel:298 - Start build external matchings
2023-09-29 19:26:39,547 [INFO] ThirdPartyModel:316 - End build external matchings
2023-09-29 19:26:39,701 [INFO] UtilMem:75 - End LoadConfig() Used Memory: 378771504 Bytes (612368384)
2023-09-29 19:26:39,758 [WARN] ThirdParty:833 - waiting for thirdparty lock release [change project]
2023-09-29 19:26:39,759 [INFO] ThirdParty:835 - entering critical section [change project]
2023-09-29 19:26:39,759 [INFO] ThirdParty:1030 - CMSIS Pack Vendor :STMicroelectronics X-CUBE-ISPU 1.1.0
2023-09-29 19:26:39,759 [INFO] ThirdParty:1030 - CMSIS Pack Vendor :STMicroelectronics X-CUBE-GNSS1 6.0.0
2023-09-29 19:26:39,760 [INFO] ThirdParty:1030 - CMSIS Pack Vendor :STMicroelectronics USB_HOST 2.0.0
2023-09-29 19:26:39,760 [INFO] ThirdParty:1030 - CMSIS Pack Vendor :STMicroelectronics X-CUBE-AZRTOS-F4 1.1.0
2023-09-29 19:26:39,760 [INFO] ThirdParty:1030 - CMSIS Pack Vendor :STMicroelectronics LIBJPEG 8.0.0
2023-09-29 19:26:39,760 [INFO] ThirdParty:1030 - CMSIS Pack Vendor :STMicroelectronics X-CUBE-SMBUS 2.1.0
2023-09-29 19:26:39,760 [INFO] ThirdParty:1030 - CMSIS Pack Vendor :wolfSSL I-CUBE-wolfSSL 5.6.0
2023-09-29 19:26:39,760 [INFO] ThirdParty:1030 - CMSIS Pack Vendor :STMicroelectronics USB_DEVICE 3.0.0
2023-09-29 19:26:39,760 [INFO] ThirdParty:1030 - CMSIS Pack Vendor :STMicroelectronics X-CUBE-FREERTOS 1.0.1
2023-09-29 19:26:39,760 [INFO] ThirdParty:1030 - CMSIS Pack Vendor :STMicroelectronics X-CUBE-AZRTOS-F7 1.1.0
2023-09-29 19:26:39,760 [INFO] ThirdParty:1030 - CMSIS Pack Vendor :STMicroelectronics X-CUBE-TOUCHGFX 4.21.4
2023-09-29 19:26:39,760 [INFO] ThirdParty:1030 - CMSIS Pack Vendor :STMicroelectronics USB_DEVICE 2.0.0
2023-09-29 19:26:39,760 [INFO] ThirdParty:1030 - CMSIS Pack Vendor :STMicroelectronics X-CUBE-MEMS1 9.6.0
2023-09-29 19:26:39,761 [INFO] ThirdParty:1030 - CMSIS Pack Vendor :STMicroelectronics FP-SNS-MOTENV1 4.3.2
2023-09-29 19:26:39,761 [INFO] ThirdParty:1030 - CMSIS Pack Vendor :STMicroelectronics FP-SNS-MOTENV1 4.3.1
2023-09-29 19:26:39,761 [INFO] ThirdParty:1030 - CMSIS Pack Vendor :STMicroelectronics FP-SNS-FLIGHT1 5.0.1
2023-09-29 19:26:39,761 [INFO] ThirdParty:1030 - CMSIS Pack Vendor :STMicroelectronics X-CUBE-ALGOBUILD 1.3.0
2023-09-29 19:26:39,761 [INFO] ThirdParty:1030 - CMSIS Pack Vendor :STMicroelectronics X-CUBE-BLE1 6.2.4
2023-09-29 19:26:39,761 [INFO] ThirdParty:1030 - CMSIS Pack Vendor :STMicroelectronics X-CUBE-AZRTOS-L5 1.1.0
2023-09-29 19:26:39,761 [INFO] ThirdParty:1030 - CMSIS Pack Vendor :STMicroelectronics FreeRTOS 0.0.1
2023-09-29 19:26:39,761 [INFO] ThirdParty:1030 - CMSIS Pack Vendor :STMicroelectronics X-CUBE-AZRTOS-G0 1.1.0
2023-09-29 19:26:39,761 [INFO] ThirdParty:1030 - CMSIS Pack Vendor :emotas I-CUBE-CANOPEN 1.1.3
2023-09-29 19:26:39,761 [INFO] ThirdParty:1030 - CMSIS Pack Vendor :STMicroelectronics X-CUBE-BLEMGR 2.0.0
2023-09-29 19:26:39,762 [INFO] ThirdParty:1030 - CMSIS Pack Vendor :STMicroelectronics X-CUBE-AI 8.0.1
2023-09-29 19:26:39,762 [INFO] ThirdParty:1030 - CMSIS Pack Vendor :STMicroelectronics X-CUBE-NFC4 3.0.0
2023-09-29 19:26:39,762 [INFO] ThirdParty:1030 - CMSIS Pack Vendor :STMicroelectronics X-CUBE-SUBG2 5.0.0
2023-09-29 19:26:39,762 [INFO] ThirdParty:1030 - CMSIS Pack Vendor :STMicroelectronics STM32_WPAN 1.0.0
2023-09-29 19:26:39,762 [INFO] ThirdParty:1030 - CMSIS Pack Vendor :STMicroelectronics lwIP 2.0.3
2023-09-29 19:26:39,762 [INFO] ThirdParty:1030 - CMSIS Pack Vendor :STMicroelectronics FP-SNS-FLIGHT1 5.0.2
2023-09-29 19:26:39,762 [INFO] ThirdParty:1030 - CMSIS Pack Vendor :STMicroelectronics USB_HOST 1.0.0
2023-09-29 19:26:39,762 [INFO] ThirdParty:1030 - CMSIS Pack Vendor :STMicroelectronics X-CUBE-AZRTOS-G4 2.0.0
2023-09-29 19:26:39,762 [INFO] ThirdParty:1030 - CMSIS Pack Vendor :STMicroelectronics PDM2PCM 3.1.0
2023-09-29 19:26:39,763 [INFO] ThirdParty:1030 - CMSIS Pack Vendor :STMicroelectronics X-CUBE-AZRTOS-H7 3.1.0
2023-09-29 19:26:39,763 [INFO] ThirdParty:1030 - CMSIS Pack Vendor :STMicroelectronics X-CUBE-TOF1 3.3.0
2023-09-29 19:26:39,763 [INFO] ThirdParty:1030 - CMSIS Pack Vendor :STMicroelectronics PDM2PCM 3.3.0
2023-09-29 19:26:39,763 [INFO] ThirdParty:1030 - CMSIS Pack Vendor :STMicroelectronics X-CUBE-DISPLAY 3.0.0
2023-09-29 19:26:39,763 [INFO] ThirdParty:1030 - CMSIS Pack Vendor :STMicroelectronics FP-ATR-SIGFOX1 3.2.0
2023-09-29 19:26:39,763 [INFO] ThirdParty:1030 - CMSIS Pack Vendor :STMicroelectronics HAL Drivers 0.0.0
2023-09-29 19:26:39,763 [INFO] ThirdParty:1030 - CMSIS Pack Vendor :STMicroelectronics MBEDTLS 2.16.2
2023-09-29 19:26:39,763 [INFO] ThirdParty:1030 - CMSIS Pack Vendor :STMicroelectronics X-CUBE-NFC7 1.0.1
2023-09-29 19:26:39,763 [INFO] ThirdParty:1030 - CMSIS Pack Vendor :STMicroelectronics MBEDTLS 2.14.1
2023-09-29 19:26:39,764 [INFO] ThirdParty:1030 - CMSIS Pack Vendor :STMicroelectronics X-CUBE-EEPRMA1 4.1.0
2023-09-29 19:26:39,764 [INFO] ThirdParty:1030 - CMSIS Pack Vendor :portGmbH I-Cube-SoM-uGOAL 1.1.0
2023-09-29 19:26:39,764 [INFO] ThirdParty:1030 - CMSIS Pack Vendor :STMicroelectronics X-CUBE-ALS 1.0.1
2023-09-29 19:26:39,764 [INFO] ThirdParty:1030 - CMSIS Pack Vendor :STMicroelectronics ThreadX 1.0.0
2023-09-29 19:26:39,764 [INFO] ThirdParty:1030 - CMSIS Pack Vendor :STMicroelectronics FP-SNS-SMARTAG2 1.2.0
2023-09-29 19:26:39,764 [INFO] ThirdParty:1030 - CMSIS Pack Vendor :STMicroelectronics X-CUBE-AZRTOS-WB 1.1.0
2023-09-29 19:26:39,764 [INFO] ThirdParty:1030 - CMSIS Pack Vendor :STMicroelectronics X-CUBE-AZRTOS-WL 2.0.0
2023-09-29 19:26:39,764 [INFO] ThirdParty:1030 - CMSIS Pack Vendor :SEGGER I-CUBE-embOS 1.3.1
2023-09-29 19:26:39,764 [INFO] ThirdParty:1030 - CMSIS Pack Vendor :STMicroelectronics USB_DEVICE 1.0.0
2023-09-29 19:26:39,765 [INFO] ThirdParty:1030 - CMSIS Pack Vendor :STMicroelectronics X-CUBE-AI 8.1.0
2023-09-29 19:26:39,766 [INFO] ThirdParty:1030 - CMSIS Pack Vendor :STMicroelectronics X-CUBE-AZRTOS-L4 2.0.0
2023-09-29 19:26:39,766 [INFO] ThirdParty:1030 - CMSIS Pack Vendor :STMicroelectronics ThreadX 0.0.2
2023-09-29 19:26:39,766 [INFO] ThirdParty:1030 - CMSIS Pack Vendor :WES I-CUBE-Cesium 1.3.0
2023-09-29 19:26:39,766 [INFO] ThirdParty:1030 - CMSIS Pack Vendor :STMicroelectronics FP-ATR-ASTRA1 2.0.0
2023-09-29 19:26:39,766 [INFO] ThirdParty:1030 - CMSIS Pack Vendor :STMicroelectronics lwIP 2.1.2
2023-09-29 19:26:39,767 [INFO] ThirdParty:1030 - CMSIS Pack Vendor :STMicroelectronics X-CUBE-SFXS2LP1 4.0.0
2023-09-29 19:26:39,767 [INFO] ThirdParty:1030 - CMSIS Pack Vendor :STMicroelectronics X-CUBE-BLE2 3.3.0
2023-09-29 19:26:39,767 [INFO] ThirdParty:1030 - CMSIS Pack Vendor :STMicroelectronics PDM2PCM 3.2.0
2023-09-29 19:26:39,768 [INFO] ThirdParty:841 - exiting critical section [change project]
2023-09-29 19:26:40,118 [INFO] PinOutPanel:1499 - setPackage(No Configuration,No Configuration)
2023-09-29 19:26:40,122 [INFO] PinOutPanel:1499 - setPackage(STM32F103C8Tx,LQFP48)
2023-09-29 19:26:40,678 [INFO] UtilMem:75 - Before build in PCC Used Memory: 249588792 Bytes (612368384)
2023-09-29 19:26:41,232 [INFO] UtilMem:75 - After build in PCC Used Memory: 293106744 Bytes (612368384)
2023-09-29 19:26:41,260 [INFO] IPUIPlugin:80 - create IPUIPlugin
2023-09-29 19:26:41,261 [INFO] IPUIPlugin:80 - create IPUIPlugin
2023-09-29 19:26:41,261 [INFO] IPUIPlugin:80 - create IPUIPlugin
2023-09-29 19:26:41,261 [INFO] IPUIPlugin:80 - create IPUIPlugin
2023-09-29 19:26:41,261 [INFO] IPUIPlugin:80 - create IPUIPlugin
2023-09-29 19:26:41,262 [INFO] IPUIPlugin:80 - create IPUIPlugin
2023-09-29 19:26:41,263 [INFO] IPUIPlugin:80 - create IPUIPlugin
2023-09-29 19:26:41,263 [INFO] IPUIPlugin:80 - create IPUIPlugin
2023-09-29 19:26:41,263 [INFO] IPUIPlugin:80 - create IPUIPlugin
2023-09-29 19:26:41,263 [INFO] IPUIPlugin:80 - create IPUIPlugin
2023-09-29 19:26:41,264 [INFO] IPUIPlugin:80 - create IPUIPlugin
2023-09-29 19:26:41,264 [INFO] IPUIPlugin:80 - create IPUIPlugin
2023-09-29 19:26:41,264 [INFO] IPUIPlugin:80 - create IPUIPlugin
2023-09-29 19:26:41,264 [INFO] IPUIPlugin:80 - create IPUIPlugin
2023-09-29 19:26:41,265 [INFO] IPUIPlugin:80 - create IPUIPlugin
2023-09-29 19:26:41,265 [INFO] IPUIPlugin:80 - create IPUIPlugin
2023-09-29 19:26:41,265 [INFO] IPUIPlugin:80 - create IPUIPlugin
2023-09-29 19:26:41,265 [INFO] IPUIPlugin:80 - create IPUIPlugin
2023-09-29 19:26:41,265 [INFO] IPUIPlugin:80 - create IPUIPlugin
2023-09-29 19:26:41,266 [INFO] IPUIPlugin:80 - create IPUIPlugin
2023-09-29 19:26:41,266 [INFO] IPUIPlugin:80 - create IPUIPlugin
2023-09-29 19:26:41,266 [INFO] IPUIPlugin:80 - create IPUIPlugin
2023-09-29 19:26:41,266 [INFO] IPUIPlugin:80 - create IPUIPlugin
2023-09-29 19:26:41,266 [INFO] IPUIPlugin:80 - create IPUIPlugin
2023-09-29 19:26:41,267 [INFO] IPUIPlugin:80 - create IPUIPlugin
2023-09-29 19:26:41,267 [INFO] IPUIPlugin:80 - create IPUIPlugin
2023-09-29 19:26:41,267 [INFO] IPUIPlugin:80 - create IPUIPlugin
2023-09-29 19:26:41,270 [WARN] IP:2113 - I2C_Coeff_DF not found: check if there is a RefParameter without a condition.
2023-09-29 19:26:41,270 [WARN] IP:2113 - Analog_Filter not found: check if there is a RefParameter without a condition.
2023-09-29 19:26:41,341 [INFO] CADModel:165 - CPN selected for project levelSTM32F103C8T6
2023-09-29 19:26:41,342 [INFO] CADModel:114 - Register for checkConnection events
2023-09-29 19:26:41,392 [INFO] OpenFileManager:328 - Restore cursor
2023-09-29 19:26:41,456 [WARN] IP:2113 - I2C_Coeff_DF not found: check if there is a RefParameter without a condition.
2023-09-29 19:26:41,456 [WARN] IP:2113 - Analog_Filter not found: check if there is a RefParameter without a condition.
2023-09-29 19:26:41,457 [WARN] IP:2113 - I2C_Coeff_DF not found: check if there is a RefParameter without a condition.
2023-09-29 19:26:41,457 [WARN] IP:2113 - Analog_Filter not found: check if there is a RefParameter without a condition.
2023-09-29 19:28:43,706 [WARN] IP:2113 - I2C_Coeff_DF not found: check if there is a RefParameter without a condition.
2023-09-29 19:28:43,706 [WARN] IP:2113 - Analog_Filter not found: check if there is a RefParameter without a condition.
2023-09-29 19:28:43,707 [WARN] IP:2113 - I2C_Coeff_DF not found: check if there is a RefParameter without a condition.
2023-09-29 19:28:43,707 [WARN] IP:2113 - Analog_Filter not found: check if there is a RefParameter without a condition.
2023-09-29 19:28:43,811 [WARN] IP:2113 - I2C_Coeff_DF not found: check if there is a RefParameter without a condition.
2023-09-29 19:28:43,811 [WARN] IP:2113 - Analog_Filter not found: check if there is a RefParameter without a condition.
2023-09-29 19:30:29,032 [INFO] NvicIntPanel:101 - NVIC parent = com.st.microxplorer.plugins.ip.nvic.MultiNvicIntPanel[,0,0,502x262,layout=javax.swing.BoxLayout,alignmentX=0.0,alignmentY=0.0,border=,flags=9,maximumSize=,minimumSize=,preferredSize=]
2023-09-29 19:30:30,479 [INFO] UtilMem:75 - End SaveConfig() Used Memory: 489070320 Bytes (612368384)
2023-09-29 19:30:32,573 [INFO] UtilMem:75 - End SaveConfig() Used Memory: 509062408 Bytes (612368384)
2023-09-29 19:30:38,268 [INFO] UtilMem:75 - End SaveConfig() Used Memory: 332243056 Bytes (612368384)
2023-09-29 19:30:38,705 [INFO] BlockDiagram:2759 - set Specific Code input for plugin: NVIC
2023-09-29 19:30:38,705 [INFO] BlockDiagram:2759 - set Specific Code input for plugin: SYS
2023-09-29 19:30:38,706 [INFO] BlockDiagram:2759 - set Specific Code input for plugin: GPIO
2023-09-29 19:30:38,706 [INFO] BlockDiagram:2759 - set Specific Code input for plugin: RCC
2023-09-29 19:30:38,706 [INFO] BlockDiagram:2759 - set Specific Code input for plugin: I2C
2023-09-29 19:30:38,708 [INFO] CodeGenerator:793 - code generatio: config db path: /home/miroalex07/.stm32cubemx/databases/DB.6.0.80/db/
2023-09-29 19:30:38,709 [WARN] IP:2113 - I2C_Coeff_DF not found: check if there is a RefParameter without a condition.
2023-09-29 19:30:38,710 [WARN] IP:2113 - Analog_Filter not found: check if there is a RefParameter without a condition.
2023-09-29 19:30:39,012 [INFO] CodeEngine:255 - oldGeneratedFile, /home/miroalex07/Documents/cansat-gravitsapa-2023-2024/src/board/MXTmpFiles/license.tmp_save
2023-09-29 19:30:39,229 [INFO] CodeEngine:279 - Generated code: /home/miroalex07/Documents/cansat-gravitsapa-2023-2024/src/board/MXTmpFiles/license.tmp
2023-09-29 19:30:39,301 [INFO] CodeEngine:255 - oldGeneratedFile, /home/miroalex07/Documents/cansat-gravitsapa-2023-2024/src/board/MXTmpFiles/gpio.tmp_save
2023-09-29 19:30:39,447 [INFO] CodeEngine:279 - Generated code: /home/miroalex07/Documents/cansat-gravitsapa-2023-2024/src/board/MXTmpFiles/gpio.tmp
2023-09-29 19:30:39,504 [INFO] CodeEngine:255 - oldGeneratedFile, /home/miroalex07/Documents/cansat-gravitsapa-2023-2024/src/board/Core/Src/stm32f1xx_it.c_save
2023-09-29 19:30:40,017 [INFO] CodeEngine:279 - Generated code: /home/miroalex07/Documents/cansat-gravitsapa-2023-2024/src/board/Core/Src/stm32f1xx_it.c
2023-09-29 19:30:40,020 [INFO] CodeEngine:255 - oldGeneratedFile, /home/miroalex07/Documents/cansat-gravitsapa-2023-2024/src/board/Core/Inc/stm32f1xx_it.h_save
2023-09-29 19:30:40,142 [INFO] CodeEngine:279 - Generated code: /home/miroalex07/Documents/cansat-gravitsapa-2023-2024/src/board/Core/Inc/stm32f1xx_it.h
2023-09-29 19:30:40,148 [INFO] CodeEngine:255 - oldGeneratedFile, /home/miroalex07/Documents/cansat-gravitsapa-2023-2024/src/board/Core/Src/stm32f1xx_hal_msp.c_save
2023-09-29 19:30:40,388 [INFO] CodeEngine:279 - Generated code: /home/miroalex07/Documents/cansat-gravitsapa-2023-2024/src/board/Core/Src/stm32f1xx_hal_msp.c
2023-09-29 19:30:40,392 [INFO] CodeEngine:255 - oldGeneratedFile, /home/miroalex07/Documents/cansat-gravitsapa-2023-2024/src/board/MXTmpFiles/system.tmp_save
2023-09-29 19:30:40,507 [INFO] CodeEngine:279 - Generated code: /home/miroalex07/Documents/cansat-gravitsapa-2023-2024/src/board/MXTmpFiles/system.tmp
2023-09-29 19:30:40,512 [INFO] CodeEngine:311 - oldGeneratedFile, /home/miroalex07/Documents/cansat-gravitsapa-2023-2024/src/board/Core/Inc/stm32f1xx_hal_conf.h_save
2023-09-29 19:30:40,670 [INFO] CodeEngine:335 - Generated code: /home/miroalex07/Documents/cansat-gravitsapa-2023-2024/src/board/Core/Inc/stm32f1xx_hal_conf.h
2023-09-29 19:30:40,709 [INFO] CodeEngine:255 - oldGeneratedFile, /home/miroalex07/Documents/cansat-gravitsapa-2023-2024/src/board/Core/Inc/main.h_save
2023-09-29 19:30:40,895 [INFO] CodeEngine:279 - Generated code: /home/miroalex07/Documents/cansat-gravitsapa-2023-2024/src/board/Core/Inc/main.h
2023-09-29 19:30:40,898 [INFO] CodeEngine:255 - oldGeneratedFile, /home/miroalex07/Documents/cansat-gravitsapa-2023-2024/src/board/Core/Src/main.c_save
2023-09-29 19:30:41,397 [INFO] CodeEngine:279 - Generated code: /home/miroalex07/Documents/cansat-gravitsapa-2023-2024/src/board/Core/Src/main.c
2023-09-29 19:30:42,830 [INFO] ProjectBuilder:2996 - Time for Copy HAL[1] : 83mS.
2023-09-29 19:30:42,839 [INFO] ProjectBuilder:4304 - Project Generator version: 3.19.2
2023-09-29 19:30:43,875 [INFO] ConfigFileManager:1483 - The Die is : DIE410
2023-09-29 19:30:43,889 [INFO] ApiDbMcu:507 - Load IP Config File for FATFS
2023-09-29 19:30:43,938 [INFO] ApiDbMcu:507 - Load IP Config File for FREERTOS
2023-09-29 19:30:43,975 [INFO] ApiDbMcu:507 - Load IP Config File for USB_DEVICE
2023-09-29 19:30:47,828 [INFO] ProjectBuilder:4505 - Time for Generating toolchain IDE Files: 4989mS.
2023-09-29 19:30:47,829 [INFO] ProjectBuilder:2867 - Time for Copy CMSIS : 0mS.
2023-09-29 19:30:47,841 [INFO] ProjectBuilder:2867 - Time for Copy CMSIS : 0mS.
2023-09-29 19:52:00,253 [WARN] IP:2113 - I2C_Coeff_DF not found: check if there is a RefParameter without a condition.
2023-09-29 19:52:00,254 [WARN] IP:2113 - Analog_Filter not found: check if there is a RefParameter without a condition.
2023-09-29 19:52:00,309 [WARN] IP:2113 - I2C_Coeff_DF not found: check if there is a RefParameter without a condition.
2023-09-29 19:52:00,309 [WARN] IP:2113 - Analog_Filter not found: check if there is a RefParameter without a condition.
2023-09-29 19:52:00,310 [WARN] IP:2113 - I2C_Coeff_DF not found: check if there is a RefParameter without a condition.
2023-09-29 19:52:00,311 [WARN] IP:2113 - Analog_Filter not found: check if there is a RefParameter without a condition.
2023-09-29 19:52:00,429 [INFO] NvicIntPanel:101 - NVIC parent = com.st.microxplorer.plugins.ip.nvic.MultiNvicIntPanel[,0,0,0x0,invalid,layout=javax.swing.BoxLayout,alignmentX=0.0,alignmentY=0.0,border=,flags=9,maximumSize=,minimumSize=,preferredSize=]
2023-09-29 19:52:00,482 [WARN] IP:2113 - I2C_Coeff_DF not found: check if there is a RefParameter without a condition.
2023-09-29 19:52:00,482 [WARN] IP:2113 - Analog_Filter not found: check if there is a RefParameter without a condition.
2023-09-29 19:52:00,483 [WARN] IP:2113 - I2C_Coeff_DF not found: check if there is a RefParameter without a condition.
2023-09-29 19:52:00,483 [WARN] IP:2113 - Analog_Filter not found: check if there is a RefParameter without a condition.
2023-09-29 19:52:00,497 [WARN] IP:2113 - I2C_Coeff_DF not found: check if there is a RefParameter without a condition.
2023-09-29 19:52:00,498 [WARN] IP:2113 - Analog_Filter not found: check if there is a RefParameter without a condition.
2023-09-29 19:52:00,511 [WARN] IP:2113 - I2C_Coeff_DF not found: check if there is a RefParameter without a condition.
2023-09-29 19:52:00,511 [WARN] IP:2113 - Analog_Filter not found: check if there is a RefParameter without a condition.
2023-09-29 19:52:00,582 [INFO] NvicIntPanel:101 - NVIC parent = com.st.microxplorer.plugins.ip.nvic.MultiNvicIntPanel[,0,0,0x0,invalid,layout=javax.swing.BoxLayout,alignmentX=0.0,alignmentY=0.0,border=,flags=9,maximumSize=,minimumSize=,preferredSize=]
2023-09-29 19:52:09,495 [WARN] IP:2113 - I2C_Coeff_DF not found: check if there is a RefParameter without a condition.
2023-09-29 19:52:09,496 [WARN] IP:2113 - Analog_Filter not found: check if there is a RefParameter without a condition.
2023-09-29 19:52:09,522 [WARN] IP:2113 - I2C_Coeff_DF not found: check if there is a RefParameter without a condition.
2023-09-29 19:52:09,522 [WARN] IP:2113 - Analog_Filter not found: check if there is a RefParameter without a condition.
2023-09-29 19:52:09,523 [WARN] IP:2113 - I2C_Coeff_DF not found: check if there is a RefParameter without a condition.
2023-09-29 19:52:09,523 [WARN] IP:2113 - Analog_Filter not found: check if there is a RefParameter without a condition.
2023-09-29 19:52:09,630 [WARN] IP:2113 - I2C_Coeff_DF not found: check if there is a RefParameter without a condition.
2023-09-29 19:52:09,631 [WARN] IP:2113 - Analog_Filter not found: check if there is a RefParameter without a condition.
2023-09-29 19:52:09,634 [WARN] IP:2113 - I2C_Coeff_DF not found: check if there is a RefParameter without a condition.
2023-09-29 19:52:09,635 [WARN] IP:2113 - Analog_Filter not found: check if there is a RefParameter without a condition.
2023-09-29 19:52:09,656 [INFO] NvicIntPanel:101 - NVIC parent = com.st.microxplorer.plugins.ip.nvic.MultiNvicIntPanel[,0,0,0x0,invalid,layout=javax.swing.BoxLayout,alignmentX=0.0,alignmentY=0.0,border=,flags=9,maximumSize=,minimumSize=,preferredSize=]
2023-09-29 19:52:19,165 [WARN] IP:2113 - I2C_Coeff_DF not found: check if there is a RefParameter without a condition.
2023-09-29 19:52:19,165 [WARN] IP:2113 - Analog_Filter not found: check if there is a RefParameter without a condition.
2023-09-29 19:52:19,221 [WARN] IP:2113 - I2C_Coeff_DF not found: check if there is a RefParameter without a condition.
2023-09-29 19:52:19,221 [WARN] IP:2113 - Analog_Filter not found: check if there is a RefParameter without a condition.
2023-09-29 19:52:19,222 [WARN] IP:2113 - I2C_Coeff_DF not found: check if there is a RefParameter without a condition.
2023-09-29 19:52:19,222 [WARN] IP:2113 - Analog_Filter not found: check if there is a RefParameter without a condition.
2023-09-29 19:52:19,305 [WARN] IP:2113 - I2C_Coeff_DF not found: check if there is a RefParameter without a condition.
2023-09-29 19:52:19,306 [WARN] IP:2113 - Analog_Filter not found: check if there is a RefParameter without a condition.
2023-09-29 19:52:19,445 [INFO] NvicIntPanel:101 - NVIC parent = com.st.microxplorer.plugins.ip.nvic.MultiNvicIntPanel[,0,0,0x0,invalid,layout=javax.swing.BoxLayout,alignmentX=0.0,alignmentY=0.0,border=,flags=9,maximumSize=,minimumSize=,preferredSize=]
2023-09-29 19:52:19,505 [WARN] IP:2113 - I2C_Coeff_DF not found: check if there is a RefParameter without a condition.
2023-09-29 19:52:19,505 [WARN] IP:2113 - Analog_Filter not found: check if there is a RefParameter without a condition.
2023-09-29 19:52:19,506 [WARN] IP:2113 - I2C_Coeff_DF not found: check if there is a RefParameter without a condition.
2023-09-29 19:52:19,506 [WARN] IP:2113 - Analog_Filter not found: check if there is a RefParameter without a condition.
2023-09-29 19:52:19,509 [WARN] IP:2113 - I2C_Coeff_DF not found: check if there is a RefParameter without a condition.
2023-09-29 19:52:19,510 [WARN] IP:2113 - Analog_Filter not found: check if there is a RefParameter without a condition.
2023-09-29 19:52:19,511 [WARN] IP:2113 - I2C_Coeff_DF not found: check if there is a RefParameter without a condition.
2023-09-29 19:52:19,511 [WARN] IP:2113 - Analog_Filter not found: check if there is a RefParameter without a condition.
2023-09-29 19:52:19,528 [WARN] IP:2113 - I2C_Coeff_DF not found: check if there is a RefParameter without a condition.
2023-09-29 19:52:19,528 [WARN] IP:2113 - Analog_Filter not found: check if there is a RefParameter without a condition.
2023-09-29 19:52:19,531 [WARN] IP:2113 - I2C_Coeff_DF not found: check if there is a RefParameter without a condition.
2023-09-29 19:52:19,531 [WARN] IP:2113 - Analog_Filter not found: check if there is a RefParameter without a condition.
2023-09-29 19:52:19,546 [WARN] IP:2113 - I2C_Coeff_DF not found: check if there is a RefParameter without a condition.
2023-09-29 19:52:19,547 [WARN] IP:2113 - Analog_Filter not found: check if there is a RefParameter without a condition.
2023-09-29 19:52:19,550 [WARN] IP:2113 - I2C_Coeff_DF not found: check if there is a RefParameter without a condition.
2023-09-29 19:52:19,550 [WARN] IP:2113 - Analog_Filter not found: check if there is a RefParameter without a condition.
2023-09-29 19:52:19,629 [INFO] NvicIntPanel:101 - NVIC parent = com.st.microxplorer.plugins.ip.nvic.MultiNvicIntPanel[,0,0,0x0,invalid,layout=javax.swing.BoxLayout,alignmentX=0.0,alignmentY=0.0,border=,flags=9,maximumSize=,minimumSize=,preferredSize=]
2023-09-29 19:53:21,030 [INFO] UtilMem:75 - End SaveConfig() Used Memory: 484119504 Bytes (695205888)
2023-09-29 19:53:23,411 [INFO] UtilMem:75 - End SaveConfig() Used Memory: 505306616 Bytes (695205888)
2023-09-29 19:53:25,071 [INFO] UtilMem:75 - End SaveConfig() Used Memory: 323022080 Bytes (695205888)
2023-09-29 19:53:26,294 [INFO] BlockDiagram:2759 - set Specific Code input for plugin: NVIC
2023-09-29 19:53:26,295 [INFO] BlockDiagram:2759 - set Specific Code input for plugin: SYS
2023-09-29 19:53:26,295 [INFO] BlockDiagram:2759 - set Specific Code input for plugin: GPIO
2023-09-29 19:53:26,295 [INFO] BlockDiagram:2759 - set Specific Code input for plugin: RCC
2023-09-29 19:53:26,295 [INFO] BlockDiagram:2759 - set Specific Code input for plugin: I2C
2023-09-29 19:53:26,296 [INFO] BlockDiagram:2759 - set Specific Code input for plugin: I2C
2023-09-29 19:53:26,297 [INFO] CodeGenerator:793 - code generatio: config db path: /home/miroalex07/.stm32cubemx/databases/DB.6.0.80/db/
2023-09-29 19:53:26,300 [WARN] IP:2113 - I2C_Coeff_DF not found: check if there is a RefParameter without a condition.
2023-09-29 19:53:26,301 [WARN] IP:2113 - Analog_Filter not found: check if there is a RefParameter without a condition.
2023-09-29 19:53:26,305 [WARN] IP:2113 - I2C_Coeff_DF not found: check if there is a RefParameter without a condition.
2023-09-29 19:53:26,305 [WARN] IP:2113 - Analog_Filter not found: check if there is a RefParameter without a condition.
2023-09-29 19:53:27,038 [INFO] CodeEngine:255 - oldGeneratedFile, /home/miroalex07/Documents/cansat-gravitsapa-2023-2024/src/board/MXTmpFiles/license.tmp_save
2023-09-29 19:53:27,315 [INFO] CodeEngine:279 - Generated code: /home/miroalex07/Documents/cansat-gravitsapa-2023-2024/src/board/MXTmpFiles/license.tmp
2023-09-29 19:53:27,364 [INFO] CodeEngine:255 - oldGeneratedFile, /home/miroalex07/Documents/cansat-gravitsapa-2023-2024/src/board/MXTmpFiles/gpio.tmp_save
2023-09-29 19:53:27,592 [INFO] CodeEngine:279 - Generated code: /home/miroalex07/Documents/cansat-gravitsapa-2023-2024/src/board/MXTmpFiles/gpio.tmp
2023-09-29 19:53:27,711 [INFO] CodeEngine:255 - oldGeneratedFile, /home/miroalex07/Documents/cansat-gravitsapa-2023-2024/src/board/Core/Src/stm32f1xx_it.c_save
2023-09-29 19:53:28,391 [INFO] CodeEngine:279 - Generated code: /home/miroalex07/Documents/cansat-gravitsapa-2023-2024/src/board/Core/Src/stm32f1xx_it.c
2023-09-29 19:53:28,395 [INFO] CodeEngine:255 - oldGeneratedFile, /home/miroalex07/Documents/cansat-gravitsapa-2023-2024/src/board/Core/Inc/stm32f1xx_it.h_save
2023-09-29 19:53:28,550 [INFO] CodeEngine:279 - Generated code: /home/miroalex07/Documents/cansat-gravitsapa-2023-2024/src/board/Core/Inc/stm32f1xx_it.h
2023-09-29 19:53:28,557 [INFO] CodeEngine:255 - oldGeneratedFile, /home/miroalex07/Documents/cansat-gravitsapa-2023-2024/src/board/Core/Src/stm32f1xx_hal_msp.c_save
2023-09-29 19:53:28,786 [INFO] CodeEngine:279 - Generated code: /home/miroalex07/Documents/cansat-gravitsapa-2023-2024/src/board/Core/Src/stm32f1xx_hal_msp.c
2023-09-29 19:53:28,789 [INFO] CodeEngine:255 - oldGeneratedFile, /home/miroalex07/Documents/cansat-gravitsapa-2023-2024/src/board/MXTmpFiles/system.tmp_save
2023-09-29 19:53:28,910 [INFO] CodeEngine:279 - Generated code: /home/miroalex07/Documents/cansat-gravitsapa-2023-2024/src/board/MXTmpFiles/system.tmp
2023-09-29 19:53:28,916 [INFO] CodeEngine:311 - oldGeneratedFile, /home/miroalex07/Documents/cansat-gravitsapa-2023-2024/src/board/Core/Inc/stm32f1xx_hal_conf.h_save
2023-09-29 19:53:29,048 [INFO] CodeEngine:335 - Generated code: /home/miroalex07/Documents/cansat-gravitsapa-2023-2024/src/board/Core/Inc/stm32f1xx_hal_conf.h
2023-09-29 19:53:29,080 [INFO] CodeEngine:255 - oldGeneratedFile, /home/miroalex07/Documents/cansat-gravitsapa-2023-2024/src/board/Core/Inc/main.h_save
2023-09-29 19:53:29,248 [INFO] CodeEngine:279 - Generated code: /home/miroalex07/Documents/cansat-gravitsapa-2023-2024/src/board/Core/Inc/main.h
2023-09-29 19:53:29,250 [INFO] CodeEngine:255 - oldGeneratedFile, /home/miroalex07/Documents/cansat-gravitsapa-2023-2024/src/board/Core/Src/main.c_save
2023-09-29 19:53:29,441 [INFO] CodeEngine:279 - Generated code: /home/miroalex07/Documents/cansat-gravitsapa-2023-2024/src/board/Core/Src/main.c
2023-09-29 19:53:30,728 [INFO] ProjectBuilder:2996 - Time for Copy HAL[1] : 71mS.
2023-09-29 19:53:30,731 [INFO] ProjectBuilder:4304 - Project Generator version: 3.19.2
2023-09-29 19:53:31,561 [INFO] ConfigFileManager:1483 - The Die is : DIE410
2023-09-29 19:53:34,414 [INFO] ProjectBuilder:4505 - Time for Generating toolchain IDE Files: 3683mS.
2023-09-29 19:53:34,415 [INFO] ProjectBuilder:2867 - Time for Copy CMSIS : 0mS.
2023-09-29 19:53:34,417 [INFO] ProjectBuilder:2867 - Time for Copy CMSIS : 0mS.
